<?xml version="1.0" encoding="UTF-8"?>
<testsuite xmlns:xsi="http://www.w3.org/2001/XMLSchema-instance" xsi:noNamespaceSchemaLocation="https://maven.apache.org/surefire/maven-surefire-plugin/xsd/surefire-test-report.xsd" version="3.0.2" name="com.mycompany.gerenciador_de_pedidos.CatalogoTest" time="0.22" tests="5" errors="0" skipped="0" failures="0">
  <properties>
    <property name="java.specification.version" value="23"/>
    <property name="sun.cpu.isalist" value="amd64"/>
    <property name="sun.jnu.encoding" value="Cp1252"/>
    <property name="java.class.path" value="C:\Users\Cliente Lider\Documents\NetBeansProjects\Gerenciador_de_pedidos\target\test-classes;C:\Users\Cliente Lider\Documents\NetBeansProjects\Gerenciador_de_pedidos\target\classes;C:\Users\Cliente Lider\.m2\repository\org\junit\jupiter\junit-jupiter\5.11.3\junit-jupiter-5.11.3.jar;C:\Users\Cliente Lider\.m2\repository\org\junit\jupiter\junit-jupiter-api\5.11.3\junit-jupiter-api-5.11.3.jar;C:\Users\Cliente Lider\.m2\repository\org\opentest4j\opentest4j\1.3.0\opentest4j-1.3.0.jar;C:\Users\Cliente Lider\.m2\repository\org\junit\platform\junit-platform-commons\1.11.3\junit-platform-commons-1.11.3.jar;C:\Users\Cliente Lider\.m2\repository\org\apiguardian\apiguardian-api\1.1.2\apiguardian-api-1.1.2.jar;C:\Users\Cliente Lider\.m2\repository\org\junit\jupiter\junit-jupiter-params\5.11.3\junit-jupiter-params-5.11.3.jar;C:\Users\Cliente Lider\.m2\repository\org\junit\jupiter\junit-jupiter-engine\5.11.3\junit-jupiter-engine-5.11.3.jar;C:\Users\Cliente Lider\.m2\repository\org\junit\platform\junit-platform-engine\1.11.3\junit-platform-engine-1.11.3.jar;"/>
    <property name="java.vm.vendor" value="Oracle Corporation"/>
    <property name="sun.arch.data.model" value="64"/>
    <property name="user.variant" value=""/>
    <property name="java.vendor.url" value="https://java.oracle.com/"/>
    <property name="user.timezone" value="America/Sao_Paulo"/>
    <property name="os.name" value="Windows 10"/>
    <property name="java.vm.specification.version" value="23"/>
    <property name="user.country" value="BR"/>
    <property name="sun.java.launcher" value="SUN_STANDARD"/>
    <property name="sun.boot.library.path" value="C:\Program Files\Java\jdk-23\bin"/>
    <property name="sun.java.command" value="C:\Users\Cliente Lider\AppData\Local\Temp\surefire9374518332611527997\surefirebooter-20241212041537357_3.jar C:\Users\Cliente Lider\AppData\Local\Temp\surefire9374518332611527997 2024-12-12T04-15-37_036-jvmRun1 surefire-20241212041537357_1tmp surefire_0-20241212041537357_2tmp"/>
    <property name="jdk.debug" value="release"/>
    <property name="test" value="com.mycompany.gerenciador_de_pedidos.CatalogoTest"/>
    <property name="surefire.test.class.path" value="C:\Users\Cliente Lider\Documents\NetBeansProjects\Gerenciador_de_pedidos\target\test-classes;C:\Users\Cliente Lider\Documents\NetBeansProjects\Gerenciador_de_pedidos\target\classes;C:\Users\Cliente Lider\.m2\repository\org\junit\jupiter\junit-jupiter\5.11.3\junit-jupiter-5.11.3.jar;C:\Users\Cliente Lider\.m2\repository\org\junit\jupiter\junit-jupiter-api\5.11.3\junit-jupiter-api-5.11.3.jar;C:\Users\Cliente Lider\.m2\repository\org\opentest4j\opentest4j\1.3.0\opentest4j-1.3.0.jar;C:\Users\Cliente Lider\.m2\repository\org\junit\platform\junit-platform-commons\1.11.3\junit-platform-commons-1.11.3.jar;C:\Users\Cliente Lider\.m2\repository\org\apiguardian\apiguardian-api\1.1.2\apiguardian-api-1.1.2.jar;C:\Users\Cliente Lider\.m2\repository\org\junit\jupiter\junit-jupiter-params\5.11.3\junit-jupiter-params-5.11.3.jar;C:\Users\Cliente Lider\.m2\repository\org\junit\jupiter\junit-jupiter-engine\5.11.3\junit-jupiter-engine-5.11.3.jar;C:\Users\Cliente Lider\.m2\repository\org\junit\platform\junit-platform-engine\1.11.3\junit-platform-engine-1.11.3.jar;"/>
    <property name="sun.cpu.endian" value="little"/>
    <property name="user.home" value="C:\Users\Cliente Lider"/>
    <property name="user.language" value="pt"/>
    <property name="java.specification.vendor" value="Oracle Corporation"/>
    <property name="java.version.date" value="2024-10-15"/>
    <property name="java.home" value="C:\Program Files\Java\jdk-23"/>
    <property name="file.separator" value="\"/>
    <property name="basedir" value="C:\Users\Cliente Lider\Documents\NetBeansProjects\Gerenciador_de_pedidos"/>
    <property name="java.vm.compressedOopsMode" value="32-bit"/>
    <property name="line.separator" value="&#10;"/>
    <property name="java.vm.specification.vendor" value="Oracle Corporation"/>
    <property name="java.specification.name" value="Java Platform API Specification"/>
    <property name="surefire.real.class.path" value="C:\Users\Cliente Lider\AppData\Local\Temp\surefire9374518332611527997\surefirebooter-20241212041537357_3.jar"/>
    <property name="user.script" value=""/>
    <property name="sun.management.compiler" value="HotSpot 64-Bit Tiered Compilers"/>
    <property name="java.runtime.version" value="23.0.1+11-39"/>
    <property name="user.name" value="Thaynan"/>
    <property name="stdout.encoding" value="Cp1252"/>
    <property name="path.separator" value=";"/>
    <property name="os.version" value="10.0"/>
    <property name="java.runtime.name" value="Java(TM) SE Runtime Environment"/>
    <property name="file.encoding" value="UTF-8"/>
    <property name="java.vm.name" value="Java HotSpot(TM) 64-Bit Server VM"/>
    <property name="maven.ext.class.path" value="C:\Program Files\NetBeans-23\netbeans\java\maven-nblib\netbeans-eventspy.jar"/>
    <property name="localRepository" value="C:\Users\Cliente Lider\.m2\repository"/>
    <property name="java.vendor.url.bug" value="https://bugreport.java.com/bugreport/"/>
    <property name="java.io.tmpdir" value="C:\Users\CLIENT~1\AppData\Local\Temp\"/>
    <property name="java.version" value="23.0.1"/>
    <property name="user.dir" value="C:\Users\Cliente Lider\Documents\NetBeansProjects\Gerenciador_de_pedidos"/>
    <property name="os.arch" value="amd64"/>
    <property name="java.vm.specification.name" value="Java Virtual Machine Specification"/>
    <property name="sun.os.patch.level" value=""/>
    <property name="native.encoding" value="Cp1252"/>
    <property name="java.library.path" value="C:\Program Files\Java\jdk-23\bin;C:\WINDOWS\Sun\Java\bin;C:\WINDOWS\system32;C:\WINDOWS;c:\program files\common files\oracle\java\javapath;c:\program files (x86)\common files\oracle\java\javapath;c:\windows\system32;c:\windows;c:\windows\system32\wbem;c:\windows\system32\windowspowershell\v1.0\;c:\windows\system32\openssh\;c:\program files\nvidia corporation\nvidia nvdlisr;C:\Program Files\doxygen\bin;C:\Program Files\Java\jdk-23\bin;C:\Users\Cliente Lider\AppData\Local\Microsoft\WindowsApps;;."/>
    <property name="java.vm.info" value="mixed mode, sharing"/>
    <property name="stderr.encoding" value="Cp1252"/>
    <property name="java.vendor" value="Oracle Corporation"/>
    <property name="java.vm.version" value="23.0.1+11-39"/>
    <property name="sun.io.unicode.encoding" value="UnicodeLittle"/>
    <property name="java.class.version" value="67.0"/>
  </properties>
  <testcase name="testAdicionarProduto" classname="com.mycompany.gerenciador_de_pedidos.CatalogoTest" time="0.104">
    <system-err><![CDATA[dez. 12, 2024 4:15:38 AM com.mycompany.gerenciador_de_pedidos.Catalogo adicionarProduto
INFO: Produto adicionado:
dez. 12, 2024 4:15:38 AM com.mycompany.gerenciador_de_pedidos.Catalogo adicionarProduto
INFO: Produto adicionado:
dez. 12, 2024 4:15:38 AM com.mycompany.gerenciador_de_pedidos.Catalogo adicionarProduto
INFO: Produto adicionado:
]]></system-err>
  </testcase>
  <testcase name="testListarProdutos" classname="com.mycompany.gerenciador_de_pedidos.CatalogoTest" time="0.003"/>
  <testcase name="testSetCatalogo" classname="com.mycompany.gerenciador_de_pedidos.CatalogoTest" time="0.004"/>
  <testcase name="testBuscarProdutoPorId" classname="com.mycompany.gerenciador_de_pedidos.CatalogoTest" time="0.033">
    <system-out><![CDATA[Produto id nÂº 105:Produto{id=105, nome=Camisa, preco=30.0}
]]></system-out>
    <system-err><![CDATA[dez. 12, 2024 4:15:38 AM com.mycompany.gerenciador_de_pedidos.Catalogo adicionarProduto
INFO: Produto adicionado:
dez. 12, 2024 4:15:38 AM com.mycompany.gerenciador_de_pedidos.Catalogo adicionarProduto
INFO: Produto adicionado:
dez. 12, 2024 4:15:38 AM com.mycompany.gerenciador_de_pedidos.Catalogo adicionarProduto
INFO: Produto adicionado:
]]></system-err>
  </testcase>
  <testcase name="testGetCatalogo" classname="com.mycompany.gerenciador_de_pedidos.CatalogoTest" time="0.002"/>
</testsuite>